[0.464s] DEBUG:colcon:Command line arguments: ['/usr/bin/colcon', 'build']
[0.464s] DEBUG:colcon:Parsed command line arguments: Namespace(log_base=None, log_level=None, verb_name='build', build_base='build', install_base='install', merge_install=False, symlink_install=False, test_result_base=None, continue_on_error=False, executor='parallel', parallel_workers=4, event_handlers=None, ignore_user_meta=False, metas=['./colcon.meta'], base_paths=['.'], packages_ignore=None, packages_ignore_regex=None, paths=None, packages_up_to=None, packages_up_to_regex=None, packages_above=None, packages_above_and_dependencies=None, packages_above_depth=None, packages_select_by_dep=None, packages_skip_by_dep=None, packages_skip_up_to=None, packages_select_build_failed=False, packages_skip_build_finished=False, packages_select_test_failures=False, packages_skip_test_passed=False, packages_select=None, packages_skip=None, packages_select_regex=None, packages_skip_regex=None, packages_start=None, packages_end=None, allow_overriding=[], cmake_args=None, cmake_target=None, cmake_target_skip_unavailable=False, cmake_clean_cache=False, cmake_clean_first=False, cmake_force_configure=False, ament_cmake_args=None, catkin_cmake_args=None, catkin_skip_building_tests=False, mixin_files=None, mixin=None, verb_parser=<colcon_mixin.mixin.mixin_argument.MixinArgumentDecorator object at 0xffff92db22c0>, verb_extension=<colcon_core.verb.build.BuildVerb object at 0xffff92db1db0>, main=<bound method BuildVerb.main of <colcon_core.verb.build.BuildVerb object at 0xffff92db1db0>>, mixin_verb=('build',))
[1.412s] Level 1:colcon.colcon_core.package_discovery:discover_packages(colcon_meta) check parameters
[1.413s] Level 1:colcon.colcon_core.package_discovery:discover_packages(recursive) check parameters
[1.413s] Level 1:colcon.colcon_core.package_discovery:discover_packages(ignore) check parameters
[1.413s] Level 1:colcon.colcon_core.package_discovery:discover_packages(path) check parameters
[1.413s] Level 1:colcon.colcon_core.package_discovery:discover_packages(colcon_meta) discover
[1.413s] Level 1:colcon.colcon_core.package_discovery:discover_packages(recursive) discover
[1.414s] INFO:colcon.colcon_core.package_discovery:Crawling recursively for packages in '/home/mechatech/dev_ws/src/ls_test'
[1.414s] Level 1:colcon.colcon_core.package_identification:_identify(.) by extensions ['ignore', 'ignore_ament_install']
[1.414s] Level 1:colcon.colcon_core.package_identification:_identify(.) by extension 'ignore'
[1.415s] Level 1:colcon.colcon_core.package_identification:_identify(.) by extension 'ignore_ament_install'
[1.415s] Level 1:colcon.colcon_core.package_identification:_identify(.) by extensions ['colcon_pkg']
[1.415s] Level 1:colcon.colcon_core.package_identification:_identify(.) by extension 'colcon_pkg'
[1.415s] Level 1:colcon.colcon_core.package_identification:_identify(.) by extensions ['colcon_meta']
[1.415s] Level 1:colcon.colcon_core.package_identification:_identify(.) by extension 'colcon_meta'
[1.416s] Level 1:colcon.colcon_core.package_identification:_identify(.) by extensions ['ros']
[1.416s] Level 1:colcon.colcon_core.package_identification:_identify(.) by extension 'ros'
[1.467s] DEBUG:colcon.colcon_core.package_identification:Package '.' with type 'ros.ament_cmake' and name 'ls_test'
[1.467s] Level 1:colcon.colcon_core.package_discovery:discover_packages(recursive) using defaults
[1.468s] Level 1:colcon.colcon_core.package_discovery:discover_packages(ignore) discover
[1.468s] Level 1:colcon.colcon_core.package_discovery:discover_packages(ignore) using defaults
[1.468s] Level 1:colcon.colcon_core.package_discovery:discover_packages(path) discover
[1.468s] Level 1:colcon.colcon_core.package_discovery:discover_packages(path) using defaults
[1.583s] Level 1:colcon.colcon_core.package_discovery:discover_packages(prefix_path) check parameters
[1.583s] Level 1:colcon.colcon_core.package_discovery:discover_packages(prefix_path) discover
[1.592s] DEBUG:colcon.colcon_installed_package_information.package_discovery:Found 3 installed packages in /home/mechatech/dev_ws/install
[1.602s] DEBUG:colcon.colcon_installed_package_information.package_discovery:Found 318 installed packages in /opt/ros/humble
[1.609s] Level 1:colcon.colcon_core.package_discovery:discover_packages(prefix_path) using defaults
[1.800s] Level 5:colcon.colcon_core.verb:set package 'ls_test' build argument 'cmake_args' from command line to 'None'
[1.801s] Level 5:colcon.colcon_core.verb:set package 'ls_test' build argument 'cmake_target' from command line to 'None'
[1.801s] Level 5:colcon.colcon_core.verb:set package 'ls_test' build argument 'cmake_target_skip_unavailable' from command line to 'False'
[1.801s] Level 5:colcon.colcon_core.verb:set package 'ls_test' build argument 'cmake_clean_cache' from command line to 'False'
[1.801s] Level 5:colcon.colcon_core.verb:set package 'ls_test' build argument 'cmake_clean_first' from command line to 'False'
[1.801s] Level 5:colcon.colcon_core.verb:set package 'ls_test' build argument 'cmake_force_configure' from command line to 'False'
[1.801s] Level 5:colcon.colcon_core.verb:set package 'ls_test' build argument 'ament_cmake_args' from command line to 'None'
[1.801s] Level 5:colcon.colcon_core.verb:set package 'ls_test' build argument 'catkin_cmake_args' from command line to 'None'
[1.801s] Level 5:colcon.colcon_core.verb:set package 'ls_test' build argument 'catkin_skip_building_tests' from command line to 'False'
[1.801s] DEBUG:colcon.colcon_core.verb:Building package 'ls_test' with the following arguments: {'ament_cmake_args': None, 'build_base': '/home/mechatech/dev_ws/src/ls_test/build/ls_test', 'catkin_cmake_args': None, 'catkin_skip_building_tests': False, 'cmake_args': None, 'cmake_clean_cache': False, 'cmake_clean_first': False, 'cmake_force_configure': False, 'cmake_target': None, 'cmake_target_skip_unavailable': False, 'install_base': '/home/mechatech/dev_ws/src/ls_test/install/ls_test', 'merge_install': False, 'path': '/home/mechatech/dev_ws/src/ls_test', 'symlink_install': False, 'test_result_base': None}
[1.802s] INFO:colcon.colcon_core.executor:Executing jobs using 'parallel' executor
[1.805s] DEBUG:colcon.colcon_parallel_executor.executor.parallel:run_until_complete
[1.807s] INFO:colcon.colcon_ros.task.ament_cmake.build:Building ROS package in '/home/mechatech/dev_ws/src/ls_test' with build type 'ament_cmake'
[1.807s] INFO:colcon.colcon_cmake.task.cmake.build:Building CMake package in '/home/mechatech/dev_ws/src/ls_test'
[1.818s] INFO:colcon.colcon_core.plugin_system:Skipping extension 'colcon_core.shell.bat': Not used on non-Windows systems
[1.819s] INFO:colcon.colcon_core.shell:Skip shell extension 'powershell' for command environment: Not usable outside of PowerShell
[1.819s] DEBUG:colcon.colcon_core.shell:Skip shell extension 'dsv' for command environment
[1.867s] DEBUG:colcon.colcon_core.event_handler.log_command:Invoking command in '/home/mechatech/dev_ws/src/ls_test/build/ls_test': CMAKE_PREFIX_PATH=${CMAKE_PREFIX_PATH}:/opt/ros/humble /usr/bin/cmake /home/mechatech/dev_ws/src/ls_test -DCMAKE_INSTALL_PREFIX=/home/mechatech/dev_ws/src/ls_test/install/ls_test
[12.114s] DEBUG:colcon.colcon_core.event_handler.log_command:Invoked command in '/home/mechatech/dev_ws/src/ls_test/build/ls_test' returned '0': CMAKE_PREFIX_PATH=${CMAKE_PREFIX_PATH}:/opt/ros/humble /usr/bin/cmake /home/mechatech/dev_ws/src/ls_test -DCMAKE_INSTALL_PREFIX=/home/mechatech/dev_ws/src/ls_test/install/ls_test
[12.124s] DEBUG:colcon.colcon_core.event_handler.log_command:Invoking command in '/home/mechatech/dev_ws/src/ls_test/build/ls_test': CMAKE_PREFIX_PATH=${CMAKE_PREFIX_PATH}:/opt/ros/humble /usr/bin/cmake --build /home/mechatech/dev_ws/src/ls_test/build/ls_test -- -j4 -l4
[54.818s] DEBUG:colcon.colcon_core.event_handler.log_command:Invoked command in '/home/mechatech/dev_ws/src/ls_test/build/ls_test' returned '0': CMAKE_PREFIX_PATH=${CMAKE_PREFIX_PATH}:/opt/ros/humble /usr/bin/cmake --build /home/mechatech/dev_ws/src/ls_test/build/ls_test -- -j4 -l4
[54.863s] DEBUG:colcon.colcon_core.event_handler.log_command:Invoking command in '/home/mechatech/dev_ws/src/ls_test/build/ls_test': CMAKE_PREFIX_PATH=${CMAKE_PREFIX_PATH}:/opt/ros/humble /usr/bin/cmake --install /home/mechatech/dev_ws/src/ls_test/build/ls_test
[54.941s] Level 1:colcon.colcon_core.environment:create_environment_scripts_only(ls_test)
[54.943s] DEBUG:colcon.colcon_core.event_handler.log_command:Invoked command in '/home/mechatech/dev_ws/src/ls_test/build/ls_test' returned '0': CMAKE_PREFIX_PATH=${CMAKE_PREFIX_PATH}:/opt/ros/humble /usr/bin/cmake --install /home/mechatech/dev_ws/src/ls_test/build/ls_test
[54.954s] Level 1:colcon.colcon_core.environment:checking '/home/mechatech/dev_ws/src/ls_test/install/ls_test' for CMake module files
[54.959s] Level 1:colcon.colcon_core.environment:checking '/home/mechatech/dev_ws/src/ls_test/install/ls_test' for CMake config files
[54.960s] Level 1:colcon.colcon_core.shell:create_environment_hook('ls_test', 'cmake_prefix_path')
[54.961s] INFO:colcon.colcon_core.shell:Creating environment hook '/home/mechatech/dev_ws/src/ls_test/install/ls_test/share/ls_test/hook/cmake_prefix_path.ps1'
[54.963s] INFO:colcon.colcon_core.shell:Creating environment descriptor '/home/mechatech/dev_ws/src/ls_test/install/ls_test/share/ls_test/hook/cmake_prefix_path.dsv'
[54.965s] INFO:colcon.colcon_core.shell:Creating environment hook '/home/mechatech/dev_ws/src/ls_test/install/ls_test/share/ls_test/hook/cmake_prefix_path.sh'
[54.969s] Level 1:colcon.colcon_core.environment:checking '/home/mechatech/dev_ws/src/ls_test/install/ls_test/lib'
[54.969s] Level 1:colcon.colcon_core.environment:checking '/home/mechatech/dev_ws/src/ls_test/install/ls_test/bin'
[54.970s] Level 1:colcon.colcon_core.environment:checking '/home/mechatech/dev_ws/src/ls_test/install/ls_test/lib/pkgconfig/ls_test.pc'
[54.971s] Level 1:colcon.colcon_core.environment:checking '/home/mechatech/dev_ws/src/ls_test/install/ls_test/lib/python3.10/site-packages'
[54.972s] Level 1:colcon.colcon_core.environment:checking '/home/mechatech/dev_ws/src/ls_test/install/ls_test/bin'
[54.973s] INFO:colcon.colcon_core.shell:Creating package script '/home/mechatech/dev_ws/src/ls_test/install/ls_test/share/ls_test/package.ps1'
[54.976s] INFO:colcon.colcon_core.shell:Creating package descriptor '/home/mechatech/dev_ws/src/ls_test/install/ls_test/share/ls_test/package.dsv'
[54.979s] INFO:colcon.colcon_core.shell:Creating package script '/home/mechatech/dev_ws/src/ls_test/install/ls_test/share/ls_test/package.sh'
[54.982s] INFO:colcon.colcon_core.shell:Creating package script '/home/mechatech/dev_ws/src/ls_test/install/ls_test/share/ls_test/package.bash'
[54.985s] INFO:colcon.colcon_core.shell:Creating package script '/home/mechatech/dev_ws/src/ls_test/install/ls_test/share/ls_test/package.zsh'
[54.987s] Level 1:colcon.colcon_core.environment:create_file_with_runtime_dependencies(/home/mechatech/dev_ws/src/ls_test/install/ls_test/share/colcon-core/packages/ls_test)
[54.990s] Level 1:colcon.colcon_core.environment:create_environment_scripts_only(ls_test)
[54.991s] Level 1:colcon.colcon_core.environment:checking '/home/mechatech/dev_ws/src/ls_test/install/ls_test' for CMake module files
[54.994s] Level 1:colcon.colcon_core.environment:checking '/home/mechatech/dev_ws/src/ls_test/install/ls_test' for CMake config files
[54.995s] Level 1:colcon.colcon_core.shell:create_environment_hook('ls_test', 'cmake_prefix_path')
[54.995s] INFO:colcon.colcon_core.shell:Creating environment hook '/home/mechatech/dev_ws/src/ls_test/install/ls_test/share/ls_test/hook/cmake_prefix_path.ps1'
[54.998s] INFO:colcon.colcon_core.shell:Creating environment descriptor '/home/mechatech/dev_ws/src/ls_test/install/ls_test/share/ls_test/hook/cmake_prefix_path.dsv'
[54.999s] INFO:colcon.colcon_core.shell:Creating environment hook '/home/mechatech/dev_ws/src/ls_test/install/ls_test/share/ls_test/hook/cmake_prefix_path.sh'
[55.002s] Level 1:colcon.colcon_core.environment:checking '/home/mechatech/dev_ws/src/ls_test/install/ls_test/lib'
[55.003s] Level 1:colcon.colcon_core.environment:checking '/home/mechatech/dev_ws/src/ls_test/install/ls_test/bin'
[55.003s] Level 1:colcon.colcon_core.environment:checking '/home/mechatech/dev_ws/src/ls_test/install/ls_test/lib/pkgconfig/ls_test.pc'
[55.004s] Level 1:colcon.colcon_core.environment:checking '/home/mechatech/dev_ws/src/ls_test/install/ls_test/lib/python3.10/site-packages'
[55.005s] Level 1:colcon.colcon_core.environment:checking '/home/mechatech/dev_ws/src/ls_test/install/ls_test/bin'
[55.007s] INFO:colcon.colcon_core.shell:Creating package script '/home/mechatech/dev_ws/src/ls_test/install/ls_test/share/ls_test/package.ps1'
[55.009s] INFO:colcon.colcon_core.shell:Creating package descriptor '/home/mechatech/dev_ws/src/ls_test/install/ls_test/share/ls_test/package.dsv'
[55.012s] INFO:colcon.colcon_core.shell:Creating package script '/home/mechatech/dev_ws/src/ls_test/install/ls_test/share/ls_test/package.sh'
[55.015s] INFO:colcon.colcon_core.shell:Creating package script '/home/mechatech/dev_ws/src/ls_test/install/ls_test/share/ls_test/package.bash'
[55.018s] INFO:colcon.colcon_core.shell:Creating package script '/home/mechatech/dev_ws/src/ls_test/install/ls_test/share/ls_test/package.zsh'
[55.021s] Level 1:colcon.colcon_core.environment:create_file_with_runtime_dependencies(/home/mechatech/dev_ws/src/ls_test/install/ls_test/share/colcon-core/packages/ls_test)
[55.023s] DEBUG:colcon.colcon_parallel_executor.executor.parallel:closing loop
[55.026s] DEBUG:colcon.colcon_parallel_executor.executor.parallel:loop closed
[55.026s] DEBUG:colcon.colcon_parallel_executor.executor.parallel:run_until_complete finished with '0'
[55.027s] DEBUG:colcon.colcon_core.event_reactor:joining thread
[55.049s] INFO:colcon.colcon_core.plugin_system:Skipping extension 'colcon_notification.desktop_notification.terminal_notifier': Not used on non-Darwin systems
[55.049s] INFO:colcon.colcon_core.plugin_system:Skipping extension 'colcon_notification.desktop_notification.win32': Not used on non-Windows systems
[55.049s] INFO:colcon.colcon_notification.desktop_notification:Sending desktop notification using 'notify2'
[55.054s] DEBUG:colcon.colcon_notification.desktop_notification.notify2:Failed to initialize notify2: org.freedesktop.DBus.Error.ServiceUnknown: The name org.freedesktop.Notifications was not provided by any .service files
[55.055s] DEBUG:colcon.colcon_core.event_reactor:joined thread
[55.056s] INFO:colcon.colcon_core.shell:Creating prefix script '/home/mechatech/dev_ws/src/ls_test/install/local_setup.ps1'
[55.060s] INFO:colcon.colcon_core.shell:Creating prefix util module '/home/mechatech/dev_ws/src/ls_test/install/_local_setup_util_ps1.py'
[55.067s] INFO:colcon.colcon_core.shell:Creating prefix chain script '/home/mechatech/dev_ws/src/ls_test/install/setup.ps1'
[55.074s] INFO:colcon.colcon_core.shell:Creating prefix script '/home/mechatech/dev_ws/src/ls_test/install/local_setup.sh'
[55.077s] INFO:colcon.colcon_core.shell:Creating prefix util module '/home/mechatech/dev_ws/src/ls_test/install/_local_setup_util_sh.py'
[55.079s] INFO:colcon.colcon_core.shell:Creating prefix chain script '/home/mechatech/dev_ws/src/ls_test/install/setup.sh'
[55.085s] INFO:colcon.colcon_core.shell:Creating prefix script '/home/mechatech/dev_ws/src/ls_test/install/local_setup.bash'
[55.087s] INFO:colcon.colcon_core.shell:Creating prefix chain script '/home/mechatech/dev_ws/src/ls_test/install/setup.bash'
[55.092s] INFO:colcon.colcon_core.shell:Creating prefix script '/home/mechatech/dev_ws/src/ls_test/install/local_setup.zsh'
[55.095s] INFO:colcon.colcon_core.shell:Creating prefix chain script '/home/mechatech/dev_ws/src/ls_test/install/setup.zsh'
