-- The C compiler identification is GNU 11.4.0
-- The CXX compiler identification is GNU 11.4.0
-- Detecting C compiler ABI info
-- Detecting C compiler ABI info - done
-- Check for working C compiler: /usr/bin/cc - skipped
-- Detecting C compile features
-- Detecting C compile features - done
-- Detecting CXX compiler ABI info
-- Detecting CXX compiler ABI info - done
-- Check for working CXX compiler: /usr/bin/c++ - skipped
-- Detecting CXX compile features
-- Detecting CXX compile features - done
-- Found ament_cmake: 1.3.11 (/opt/ros/humble/share/ament_cmake/cmake)
-- Found Python3: /usr/bin/python3 (found version "3.10.12") found components: Interpreter 
-- Override CMake install command with custom implementation using symlinks instead of copying resources
-- Found rclcpp: 16.0.12 (/opt/ros/humble/share/rclcpp/cmake)
-- Found rosidl_generator_c: 3.1.6 (/opt/ros/humble/share/rosidl_generator_c/cmake)
-- Found rosidl_adapter: 3.1.6 (/opt/ros/humble/share/rosidl_adapter/cmake)
-- Found rosidl_generator_cpp: 3.1.6 (/opt/ros/humble/share/rosidl_generator_cpp/cmake)
-- Using all available rosidl_typesupport_c: rosidl_typesupport_fastrtps_c;rosidl_typesupport_introspection_c
-- Using all available rosidl_typesupport_cpp: rosidl_typesupport_fastrtps_cpp;rosidl_typesupport_introspection_cpp
-- Found rmw_implementation_cmake: 6.1.2 (/opt/ros/humble/share/rmw_implementation_cmake/cmake)
-- Found rmw_fastrtps_cpp: 6.2.7 (/opt/ros/humble/share/rmw_fastrtps_cpp/cmake)
-- Found OpenSSL: /usr/lib/aarch64-linux-gnu/libcrypto.so (found version "3.0.2")  
-- Found FastRTPS: /opt/ros/humble/include  
-- Using RMW implementation 'rmw_fastrtps_cpp' as default
-- Looking for pthread.h
-- Looking for pthread.h - found
-- Performing Test CMAKE_HAVE_LIBC_PTHREAD
-- Performing Test CMAKE_HAVE_LIBC_PTHREAD - Success
-- Found Threads: TRUE  
-- Found sensor_msgs: 4.8.0 (/opt/ros/humble/share/sensor_msgs/cmake)
-- Found rosidl_default_generators: 1.2.0 (/opt/ros/humble/share/rosidl_default_generators/cmake)
-- Found ament_lint_auto: 0.12.12 (/opt/ros/humble/share/ament_lint_auto/cmake)
-- Added test 'cppcheck' to perform static code analysis on C / C++ code
-- Configured cppcheck include dirs: /home/mechatech/dev_ws/src/hat/include;/home/mechatech/dev_ws/src/hat/include/hat;/home/mechatech/dev_ws/src/hat/SerialBridge/src
-- Configured cppcheck exclude dirs and/or files: 
-- Added test 'flake8' to check Python code syntax and style conventions
-- Added test 'lint_cmake' to check CMake code style
-- Added test 'pep257' to check Python code against some of the docstring style conventions in PEP 257
-- Added test 'uncrustify' to check C / C++ code style
-- Configured uncrustify additional arguments: 
-- Added test 'xmllint' to check XML markup files
-- Configuring done
-- Generating done
-- Build files have been written to: /home/mechatech/dev_ws/src/hat/build/hat
[ 50%] [32mBuilding CXX object CMakeFiles/main.dir/src/main.cpp.o[0m
[100%] [32m[1mLinking CXX executable main[0m
[100%] Built target main
-- Install configuration: ""
-- Execute custom install script
-- Symlinking: /home/mechatech/dev_ws/src/hat/install/hat/lib/hat/main
-- Symlinking: /home/mechatech/dev_ws/src/hat/install/hat/share/ament_index/resource_index/package_run_dependencies/hat
-- Symlinking: /home/mechatech/dev_ws/src/hat/install/hat/share/ament_index/resource_index/parent_prefix_path/hat
-- Symlinking: /home/mechatech/dev_ws/src/hat/install/hat/share/hat/environment/ament_prefix_path.sh
-- Symlinking: /home/mechatech/dev_ws/src/hat/install/hat/share/hat/environment/ament_prefix_path.dsv
-- Symlinking: /home/mechatech/dev_ws/src/hat/install/hat/share/hat/environment/path.sh
-- Symlinking: /home/mechatech/dev_ws/src/hat/install/hat/share/hat/environment/path.dsv
-- Symlinking: /home/mechatech/dev_ws/src/hat/install/hat/share/hat/local_setup.bash
-- Symlinking: /home/mechatech/dev_ws/src/hat/install/hat/share/hat/local_setup.sh
-- Symlinking: /home/mechatech/dev_ws/src/hat/install/hat/share/hat/local_setup.zsh
-- Symlinking: /home/mechatech/dev_ws/src/hat/install/hat/share/hat/local_setup.dsv
-- Symlinking: /home/mechatech/dev_ws/src/hat/install/hat/share/hat/package.dsv
-- Symlinking: /home/mechatech/dev_ws/src/hat/install/hat/share/ament_index/resource_index/packages/hat
-- Symlinking: /home/mechatech/dev_ws/src/hat/install/hat/share/hat/cmake/hatConfig.cmake
-- Symlinking: /home/mechatech/dev_ws/src/hat/install/hat/share/hat/cmake/hatConfig-version.cmake
-- Symlinking: /home/mechatech/dev_ws/src/hat/install/hat/share/hat/package.xml
