[0.464s] DEBUG:colcon:Command line arguments: ['/usr/bin/colcon', 'build']
[0.465s] DEBUG:colcon:Parsed command line arguments: Namespace(log_base=None, log_level=None, verb_name='build', build_base='build', install_base='install', merge_install=False, symlink_install=False, test_result_base=None, continue_on_error=False, executor='parallel', parallel_workers=4, event_handlers=None, ignore_user_meta=False, metas=['./colcon.meta'], base_paths=['.'], packages_ignore=None, packages_ignore_regex=None, paths=None, packages_up_to=None, packages_up_to_regex=None, packages_above=None, packages_above_and_dependencies=None, packages_above_depth=None, packages_select_by_dep=None, packages_skip_by_dep=None, packages_skip_up_to=None, packages_select_build_failed=False, packages_skip_build_finished=False, packages_select_test_failures=False, packages_skip_test_passed=False, packages_select=None, packages_skip=None, packages_select_regex=None, packages_skip_regex=None, packages_start=None, packages_end=None, allow_overriding=[], cmake_args=None, cmake_target=None, cmake_target_skip_unavailable=False, cmake_clean_cache=False, cmake_clean_first=False, cmake_force_configure=False, ament_cmake_args=None, catkin_cmake_args=None, catkin_skip_building_tests=False, mixin_files=None, mixin=None, verb_parser=<colcon_mixin.mixin.mixin_argument.MixinArgumentDecorator object at 0xffff9a7b22f0>, verb_extension=<colcon_core.verb.build.BuildVerb object at 0xffff9a7b1de0>, main=<bound method BuildVerb.main of <colcon_core.verb.build.BuildVerb object at 0xffff9a7b1de0>>, mixin_verb=('build',))
[1.386s] Level 1:colcon.colcon_core.package_discovery:discover_packages(colcon_meta) check parameters
[1.387s] Level 1:colcon.colcon_core.package_discovery:discover_packages(recursive) check parameters
[1.387s] Level 1:colcon.colcon_core.package_discovery:discover_packages(ignore) check parameters
[1.387s] Level 1:colcon.colcon_core.package_discovery:discover_packages(path) check parameters
[1.387s] Level 1:colcon.colcon_core.package_discovery:discover_packages(colcon_meta) discover
[1.387s] Level 1:colcon.colcon_core.package_discovery:discover_packages(recursive) discover
[1.388s] INFO:colcon.colcon_core.package_discovery:Crawling recursively for packages in '/home/mechatech/dev_ws/src/dc_test'
[1.388s] Level 1:colcon.colcon_core.package_identification:_identify(.) by extensions ['ignore', 'ignore_ament_install']
[1.388s] Level 1:colcon.colcon_core.package_identification:_identify(.) by extension 'ignore'
[1.389s] Level 1:colcon.colcon_core.package_identification:_identify(.) by extension 'ignore_ament_install'
[1.389s] Level 1:colcon.colcon_core.package_identification:_identify(.) by extensions ['colcon_pkg']
[1.389s] Level 1:colcon.colcon_core.package_identification:_identify(.) by extension 'colcon_pkg'
[1.389s] Level 1:colcon.colcon_core.package_identification:_identify(.) by extensions ['colcon_meta']
[1.390s] Level 1:colcon.colcon_core.package_identification:_identify(.) by extension 'colcon_meta'
[1.390s] Level 1:colcon.colcon_core.package_identification:_identify(.) by extensions ['ros']
[1.390s] Level 1:colcon.colcon_core.package_identification:_identify(.) by extension 'ros'
[1.441s] DEBUG:colcon.colcon_core.package_identification:Package '.' with type 'ros.ament_cmake' and name 'dc_test'
[1.442s] Level 1:colcon.colcon_core.package_discovery:discover_packages(recursive) using defaults
[1.442s] Level 1:colcon.colcon_core.package_discovery:discover_packages(ignore) discover
[1.442s] Level 1:colcon.colcon_core.package_discovery:discover_packages(ignore) using defaults
[1.442s] Level 1:colcon.colcon_core.package_discovery:discover_packages(path) discover
[1.442s] Level 1:colcon.colcon_core.package_discovery:discover_packages(path) using defaults
[1.558s] Level 1:colcon.colcon_core.package_discovery:discover_packages(prefix_path) check parameters
[1.558s] Level 1:colcon.colcon_core.package_discovery:discover_packages(prefix_path) discover
[1.567s] DEBUG:colcon.colcon_installed_package_information.package_discovery:Found 2 installed packages in /home/mechatech/dev_ws/install
[1.577s] DEBUG:colcon.colcon_installed_package_information.package_discovery:Found 318 installed packages in /opt/ros/humble
[1.584s] Level 1:colcon.colcon_core.package_discovery:discover_packages(prefix_path) using defaults
[1.772s] Level 5:colcon.colcon_core.verb:set package 'dc_test' build argument 'cmake_args' from command line to 'None'
[1.772s] Level 5:colcon.colcon_core.verb:set package 'dc_test' build argument 'cmake_target' from command line to 'None'
[1.772s] Level 5:colcon.colcon_core.verb:set package 'dc_test' build argument 'cmake_target_skip_unavailable' from command line to 'False'
[1.773s] Level 5:colcon.colcon_core.verb:set package 'dc_test' build argument 'cmake_clean_cache' from command line to 'False'
[1.773s] Level 5:colcon.colcon_core.verb:set package 'dc_test' build argument 'cmake_clean_first' from command line to 'False'
[1.773s] Level 5:colcon.colcon_core.verb:set package 'dc_test' build argument 'cmake_force_configure' from command line to 'False'
[1.773s] Level 5:colcon.colcon_core.verb:set package 'dc_test' build argument 'ament_cmake_args' from command line to 'None'
[1.773s] Level 5:colcon.colcon_core.verb:set package 'dc_test' build argument 'catkin_cmake_args' from command line to 'None'
[1.773s] Level 5:colcon.colcon_core.verb:set package 'dc_test' build argument 'catkin_skip_building_tests' from command line to 'False'
[1.773s] DEBUG:colcon.colcon_core.verb:Building package 'dc_test' with the following arguments: {'ament_cmake_args': None, 'build_base': '/home/mechatech/dev_ws/src/dc_test/build/dc_test', 'catkin_cmake_args': None, 'catkin_skip_building_tests': False, 'cmake_args': None, 'cmake_clean_cache': False, 'cmake_clean_first': False, 'cmake_force_configure': False, 'cmake_target': None, 'cmake_target_skip_unavailable': False, 'install_base': '/home/mechatech/dev_ws/src/dc_test/install/dc_test', 'merge_install': False, 'path': '/home/mechatech/dev_ws/src/dc_test', 'symlink_install': False, 'test_result_base': None}
[1.774s] INFO:colcon.colcon_core.executor:Executing jobs using 'parallel' executor
[1.777s] DEBUG:colcon.colcon_parallel_executor.executor.parallel:run_until_complete
[1.779s] INFO:colcon.colcon_ros.task.ament_cmake.build:Building ROS package in '/home/mechatech/dev_ws/src/dc_test' with build type 'ament_cmake'
[1.779s] INFO:colcon.colcon_cmake.task.cmake.build:Building CMake package in '/home/mechatech/dev_ws/src/dc_test'
[1.789s] INFO:colcon.colcon_core.plugin_system:Skipping extension 'colcon_core.shell.bat': Not used on non-Windows systems
[1.789s] INFO:colcon.colcon_core.shell:Skip shell extension 'powershell' for command environment: Not usable outside of PowerShell
[1.790s] DEBUG:colcon.colcon_core.shell:Skip shell extension 'dsv' for command environment
[1.834s] DEBUG:colcon.colcon_core.event_handler.log_command:Invoking command in '/home/mechatech/dev_ws/src/dc_test/build/dc_test': CMAKE_PREFIX_PATH=${CMAKE_PREFIX_PATH}:/opt/ros/humble /usr/bin/cmake /home/mechatech/dev_ws/src/dc_test -DCMAKE_INSTALL_PREFIX=/home/mechatech/dev_ws/src/dc_test/install/dc_test
[5.675s] DEBUG:colcon.colcon_core.event_handler.log_command:Invoked command in '/home/mechatech/dev_ws/src/dc_test/build/dc_test' returned '0': CMAKE_PREFIX_PATH=${CMAKE_PREFIX_PATH}:/opt/ros/humble /usr/bin/cmake /home/mechatech/dev_ws/src/dc_test -DCMAKE_INSTALL_PREFIX=/home/mechatech/dev_ws/src/dc_test/install/dc_test
[5.687s] DEBUG:colcon.colcon_core.event_handler.log_command:Invoking command in '/home/mechatech/dev_ws/src/dc_test/build/dc_test': CMAKE_PREFIX_PATH=${CMAKE_PREFIX_PATH}:/opt/ros/humble /usr/bin/cmake --build /home/mechatech/dev_ws/src/dc_test/build/dc_test -- -j4 -l4
[6.036s] DEBUG:colcon.colcon_core.event_handler.log_command:Invoked command in '/home/mechatech/dev_ws/src/dc_test/build/dc_test' returned '0': CMAKE_PREFIX_PATH=${CMAKE_PREFIX_PATH}:/opt/ros/humble /usr/bin/cmake --build /home/mechatech/dev_ws/src/dc_test/build/dc_test -- -j4 -l4
[6.077s] DEBUG:colcon.colcon_core.event_handler.log_command:Invoking command in '/home/mechatech/dev_ws/src/dc_test/build/dc_test': CMAKE_PREFIX_PATH=${CMAKE_PREFIX_PATH}:/opt/ros/humble /usr/bin/cmake --install /home/mechatech/dev_ws/src/dc_test/build/dc_test
[6.164s] Level 1:colcon.colcon_core.environment:create_environment_scripts_only(dc_test)
[6.166s] DEBUG:colcon.colcon_core.event_handler.log_command:Invoked command in '/home/mechatech/dev_ws/src/dc_test/build/dc_test' returned '0': CMAKE_PREFIX_PATH=${CMAKE_PREFIX_PATH}:/opt/ros/humble /usr/bin/cmake --install /home/mechatech/dev_ws/src/dc_test/build/dc_test
[6.176s] Level 1:colcon.colcon_core.environment:checking '/home/mechatech/dev_ws/src/dc_test/install/dc_test' for CMake module files
[6.179s] Level 1:colcon.colcon_core.environment:checking '/home/mechatech/dev_ws/src/dc_test/install/dc_test' for CMake config files
[6.181s] Level 1:colcon.colcon_core.shell:create_environment_hook('dc_test', 'cmake_prefix_path')
[6.182s] INFO:colcon.colcon_core.shell:Creating environment hook '/home/mechatech/dev_ws/src/dc_test/install/dc_test/share/dc_test/hook/cmake_prefix_path.ps1'
[6.185s] INFO:colcon.colcon_core.shell:Creating environment descriptor '/home/mechatech/dev_ws/src/dc_test/install/dc_test/share/dc_test/hook/cmake_prefix_path.dsv'
[6.187s] INFO:colcon.colcon_core.shell:Creating environment hook '/home/mechatech/dev_ws/src/dc_test/install/dc_test/share/dc_test/hook/cmake_prefix_path.sh'
[6.192s] Level 1:colcon.colcon_core.environment:checking '/home/mechatech/dev_ws/src/dc_test/install/dc_test/lib'
[6.193s] Level 1:colcon.colcon_core.environment:checking '/home/mechatech/dev_ws/src/dc_test/install/dc_test/bin'
[6.193s] Level 1:colcon.colcon_core.environment:checking '/home/mechatech/dev_ws/src/dc_test/install/dc_test/lib/pkgconfig/dc_test.pc'
[6.194s] Level 1:colcon.colcon_core.environment:checking '/home/mechatech/dev_ws/src/dc_test/install/dc_test/lib/python3.10/site-packages'
[6.195s] Level 1:colcon.colcon_core.environment:checking '/home/mechatech/dev_ws/src/dc_test/install/dc_test/bin'
[6.196s] INFO:colcon.colcon_core.shell:Creating package script '/home/mechatech/dev_ws/src/dc_test/install/dc_test/share/dc_test/package.ps1'
[6.200s] INFO:colcon.colcon_core.shell:Creating package descriptor '/home/mechatech/dev_ws/src/dc_test/install/dc_test/share/dc_test/package.dsv'
[6.203s] INFO:colcon.colcon_core.shell:Creating package script '/home/mechatech/dev_ws/src/dc_test/install/dc_test/share/dc_test/package.sh'
[6.206s] INFO:colcon.colcon_core.shell:Creating package script '/home/mechatech/dev_ws/src/dc_test/install/dc_test/share/dc_test/package.bash'
[6.210s] INFO:colcon.colcon_core.shell:Creating package script '/home/mechatech/dev_ws/src/dc_test/install/dc_test/share/dc_test/package.zsh'
[6.214s] Level 1:colcon.colcon_core.environment:create_file_with_runtime_dependencies(/home/mechatech/dev_ws/src/dc_test/install/dc_test/share/colcon-core/packages/dc_test)
[6.218s] Level 1:colcon.colcon_core.environment:create_environment_scripts_only(dc_test)
[6.219s] Level 1:colcon.colcon_core.environment:checking '/home/mechatech/dev_ws/src/dc_test/install/dc_test' for CMake module files
[6.223s] Level 1:colcon.colcon_core.environment:checking '/home/mechatech/dev_ws/src/dc_test/install/dc_test' for CMake config files
[6.225s] Level 1:colcon.colcon_core.shell:create_environment_hook('dc_test', 'cmake_prefix_path')
[6.226s] INFO:colcon.colcon_core.shell:Creating environment hook '/home/mechatech/dev_ws/src/dc_test/install/dc_test/share/dc_test/hook/cmake_prefix_path.ps1'
[6.229s] INFO:colcon.colcon_core.shell:Creating environment descriptor '/home/mechatech/dev_ws/src/dc_test/install/dc_test/share/dc_test/hook/cmake_prefix_path.dsv'
[6.231s] INFO:colcon.colcon_core.shell:Creating environment hook '/home/mechatech/dev_ws/src/dc_test/install/dc_test/share/dc_test/hook/cmake_prefix_path.sh'
[6.234s] Level 1:colcon.colcon_core.environment:checking '/home/mechatech/dev_ws/src/dc_test/install/dc_test/lib'
[6.235s] Level 1:colcon.colcon_core.environment:checking '/home/mechatech/dev_ws/src/dc_test/install/dc_test/bin'
[6.235s] Level 1:colcon.colcon_core.environment:checking '/home/mechatech/dev_ws/src/dc_test/install/dc_test/lib/pkgconfig/dc_test.pc'
[6.236s] Level 1:colcon.colcon_core.environment:checking '/home/mechatech/dev_ws/src/dc_test/install/dc_test/lib/python3.10/site-packages'
[6.237s] Level 1:colcon.colcon_core.environment:checking '/home/mechatech/dev_ws/src/dc_test/install/dc_test/bin'
[6.239s] INFO:colcon.colcon_core.shell:Creating package script '/home/mechatech/dev_ws/src/dc_test/install/dc_test/share/dc_test/package.ps1'
[6.241s] INFO:colcon.colcon_core.shell:Creating package descriptor '/home/mechatech/dev_ws/src/dc_test/install/dc_test/share/dc_test/package.dsv'
[6.244s] INFO:colcon.colcon_core.shell:Creating package script '/home/mechatech/dev_ws/src/dc_test/install/dc_test/share/dc_test/package.sh'
[6.246s] INFO:colcon.colcon_core.shell:Creating package script '/home/mechatech/dev_ws/src/dc_test/install/dc_test/share/dc_test/package.bash'
[6.248s] INFO:colcon.colcon_core.shell:Creating package script '/home/mechatech/dev_ws/src/dc_test/install/dc_test/share/dc_test/package.zsh'
[6.251s] Level 1:colcon.colcon_core.environment:create_file_with_runtime_dependencies(/home/mechatech/dev_ws/src/dc_test/install/dc_test/share/colcon-core/packages/dc_test)
[6.252s] DEBUG:colcon.colcon_parallel_executor.executor.parallel:closing loop
[6.254s] DEBUG:colcon.colcon_parallel_executor.executor.parallel:loop closed
[6.254s] DEBUG:colcon.colcon_parallel_executor.executor.parallel:run_until_complete finished with '0'
[6.254s] DEBUG:colcon.colcon_core.event_reactor:joining thread
[6.277s] INFO:colcon.colcon_core.plugin_system:Skipping extension 'colcon_notification.desktop_notification.terminal_notifier': Not used on non-Darwin systems
[6.277s] INFO:colcon.colcon_core.plugin_system:Skipping extension 'colcon_notification.desktop_notification.win32': Not used on non-Windows systems
[6.278s] INFO:colcon.colcon_notification.desktop_notification:Sending desktop notification using 'notify2'
[6.283s] DEBUG:colcon.colcon_notification.desktop_notification.notify2:Failed to initialize notify2: org.freedesktop.DBus.Error.ServiceUnknown: The name org.freedesktop.Notifications was not provided by any .service files
[6.283s] DEBUG:colcon.colcon_core.event_reactor:joined thread
[6.284s] INFO:colcon.colcon_core.shell:Creating prefix script '/home/mechatech/dev_ws/src/dc_test/install/local_setup.ps1'
[6.288s] INFO:colcon.colcon_core.shell:Creating prefix util module '/home/mechatech/dev_ws/src/dc_test/install/_local_setup_util_ps1.py'
[6.296s] INFO:colcon.colcon_core.shell:Creating prefix chain script '/home/mechatech/dev_ws/src/dc_test/install/setup.ps1'
[6.303s] INFO:colcon.colcon_core.shell:Creating prefix script '/home/mechatech/dev_ws/src/dc_test/install/local_setup.sh'
[6.306s] INFO:colcon.colcon_core.shell:Creating prefix util module '/home/mechatech/dev_ws/src/dc_test/install/_local_setup_util_sh.py'
[6.309s] INFO:colcon.colcon_core.shell:Creating prefix chain script '/home/mechatech/dev_ws/src/dc_test/install/setup.sh'
[6.314s] INFO:colcon.colcon_core.shell:Creating prefix script '/home/mechatech/dev_ws/src/dc_test/install/local_setup.bash'
[6.317s] INFO:colcon.colcon_core.shell:Creating prefix chain script '/home/mechatech/dev_ws/src/dc_test/install/setup.bash'
[6.322s] INFO:colcon.colcon_core.shell:Creating prefix script '/home/mechatech/dev_ws/src/dc_test/install/local_setup.zsh'
[6.325s] INFO:colcon.colcon_core.shell:Creating prefix chain script '/home/mechatech/dev_ws/src/dc_test/install/setup.zsh'
