[0.543s] DEBUG:colcon:Command line arguments: ['/usr/bin/colcon', 'build']
[0.544s] DEBUG:colcon:Parsed command line arguments: Namespace(log_base=None, log_level=None, verb_name='build', build_base='build', install_base='install', merge_install=False, symlink_install=False, test_result_base=None, continue_on_error=False, executor='parallel', parallel_workers=4, event_handlers=None, ignore_user_meta=False, metas=['./colcon.meta'], base_paths=['.'], packages_ignore=None, packages_ignore_regex=None, paths=None, packages_up_to=None, packages_up_to_regex=None, packages_above=None, packages_above_and_dependencies=None, packages_above_depth=None, packages_select_by_dep=None, packages_skip_by_dep=None, packages_skip_up_to=None, packages_select_build_failed=False, packages_skip_build_finished=False, packages_select_test_failures=False, packages_skip_test_passed=False, packages_select=None, packages_skip=None, packages_select_regex=None, packages_skip_regex=None, packages_start=None, packages_end=None, allow_overriding=[], cmake_args=None, cmake_target=None, cmake_target_skip_unavailable=False, cmake_clean_cache=False, cmake_clean_first=False, cmake_force_configure=False, ament_cmake_args=None, catkin_cmake_args=None, catkin_skip_building_tests=False, mixin_files=None, mixin=None, verb_parser=<colcon_mixin.mixin.mixin_argument.MixinArgumentDecorator object at 0xffffb40122f0>, verb_extension=<colcon_core.verb.build.BuildVerb object at 0xffffb4011de0>, main=<bound method BuildVerb.main of <colcon_core.verb.build.BuildVerb object at 0xffffb4011de0>>, mixin_verb=('build',))
[1.482s] Level 1:colcon.colcon_core.package_discovery:discover_packages(colcon_meta) check parameters
[1.483s] Level 1:colcon.colcon_core.package_discovery:discover_packages(recursive) check parameters
[1.483s] Level 1:colcon.colcon_core.package_discovery:discover_packages(ignore) check parameters
[1.483s] Level 1:colcon.colcon_core.package_discovery:discover_packages(path) check parameters
[1.483s] Level 1:colcon.colcon_core.package_discovery:discover_packages(colcon_meta) discover
[1.483s] Level 1:colcon.colcon_core.package_discovery:discover_packages(recursive) discover
[1.483s] INFO:colcon.colcon_core.package_discovery:Crawling recursively for packages in '/home/mechatech/dev_ws/src/dc_test'
[1.484s] Level 1:colcon.colcon_core.package_identification:_identify(.) by extensions ['ignore', 'ignore_ament_install']
[1.484s] Level 1:colcon.colcon_core.package_identification:_identify(.) by extension 'ignore'
[1.485s] Level 1:colcon.colcon_core.package_identification:_identify(.) by extension 'ignore_ament_install'
[1.485s] Level 1:colcon.colcon_core.package_identification:_identify(.) by extensions ['colcon_pkg']
[1.485s] Level 1:colcon.colcon_core.package_identification:_identify(.) by extension 'colcon_pkg'
[1.485s] Level 1:colcon.colcon_core.package_identification:_identify(.) by extensions ['colcon_meta']
[1.485s] Level 1:colcon.colcon_core.package_identification:_identify(.) by extension 'colcon_meta'
[1.486s] Level 1:colcon.colcon_core.package_identification:_identify(.) by extensions ['ros']
[1.486s] Level 1:colcon.colcon_core.package_identification:_identify(.) by extension 'ros'
[1.537s] DEBUG:colcon.colcon_core.package_identification:Package '.' with type 'ros.ament_cmake' and name 'dc_test'
[1.537s] Level 1:colcon.colcon_core.package_discovery:discover_packages(recursive) using defaults
[1.538s] Level 1:colcon.colcon_core.package_discovery:discover_packages(ignore) discover
[1.538s] Level 1:colcon.colcon_core.package_discovery:discover_packages(ignore) using defaults
[1.538s] Level 1:colcon.colcon_core.package_discovery:discover_packages(path) discover
[1.538s] Level 1:colcon.colcon_core.package_discovery:discover_packages(path) using defaults
[1.653s] Level 1:colcon.colcon_core.package_discovery:discover_packages(prefix_path) check parameters
[1.653s] Level 1:colcon.colcon_core.package_discovery:discover_packages(prefix_path) discover
[1.662s] DEBUG:colcon.colcon_installed_package_information.package_discovery:Found 2 installed packages in /home/mechatech/dev_ws/install
[1.673s] DEBUG:colcon.colcon_installed_package_information.package_discovery:Found 318 installed packages in /opt/ros/humble
[1.680s] Level 1:colcon.colcon_core.package_discovery:discover_packages(prefix_path) using defaults
[1.892s] Level 5:colcon.colcon_core.verb:set package 'dc_test' build argument 'cmake_args' from command line to 'None'
[1.893s] Level 5:colcon.colcon_core.verb:set package 'dc_test' build argument 'cmake_target' from command line to 'None'
[1.893s] Level 5:colcon.colcon_core.verb:set package 'dc_test' build argument 'cmake_target_skip_unavailable' from command line to 'False'
[1.893s] Level 5:colcon.colcon_core.verb:set package 'dc_test' build argument 'cmake_clean_cache' from command line to 'False'
[1.893s] Level 5:colcon.colcon_core.verb:set package 'dc_test' build argument 'cmake_clean_first' from command line to 'False'
[1.893s] Level 5:colcon.colcon_core.verb:set package 'dc_test' build argument 'cmake_force_configure' from command line to 'False'
[1.893s] Level 5:colcon.colcon_core.verb:set package 'dc_test' build argument 'ament_cmake_args' from command line to 'None'
[1.893s] Level 5:colcon.colcon_core.verb:set package 'dc_test' build argument 'catkin_cmake_args' from command line to 'None'
[1.893s] Level 5:colcon.colcon_core.verb:set package 'dc_test' build argument 'catkin_skip_building_tests' from command line to 'False'
[1.894s] DEBUG:colcon.colcon_core.verb:Building package 'dc_test' with the following arguments: {'ament_cmake_args': None, 'build_base': '/home/mechatech/dev_ws/src/dc_test/build/dc_test', 'catkin_cmake_args': None, 'catkin_skip_building_tests': False, 'cmake_args': None, 'cmake_clean_cache': False, 'cmake_clean_first': False, 'cmake_force_configure': False, 'cmake_target': None, 'cmake_target_skip_unavailable': False, 'install_base': '/home/mechatech/dev_ws/src/dc_test/install/dc_test', 'merge_install': False, 'path': '/home/mechatech/dev_ws/src/dc_test', 'symlink_install': False, 'test_result_base': None}
[1.894s] INFO:colcon.colcon_core.executor:Executing jobs using 'parallel' executor
[1.898s] DEBUG:colcon.colcon_parallel_executor.executor.parallel:run_until_complete
[1.899s] INFO:colcon.colcon_ros.task.ament_cmake.build:Building ROS package in '/home/mechatech/dev_ws/src/dc_test' with build type 'ament_cmake'
[1.899s] INFO:colcon.colcon_cmake.task.cmake.build:Building CMake package in '/home/mechatech/dev_ws/src/dc_test'
[1.909s] INFO:colcon.colcon_core.plugin_system:Skipping extension 'colcon_core.shell.bat': Not used on non-Windows systems
[1.910s] INFO:colcon.colcon_core.shell:Skip shell extension 'powershell' for command environment: Not usable outside of PowerShell
[1.910s] DEBUG:colcon.colcon_core.shell:Skip shell extension 'dsv' for command environment
[1.957s] DEBUG:colcon.colcon_core.event_handler.log_command:Invoking command in '/home/mechatech/dev_ws/src/dc_test/build/dc_test': CMAKE_PREFIX_PATH=${CMAKE_PREFIX_PATH}:/opt/ros/humble /usr/bin/cmake --build /home/mechatech/dev_ws/src/dc_test/build/dc_test -- -j4 -l4
[44.206s] DEBUG:colcon.colcon_core.event_handler.log_command:Invoked command in '/home/mechatech/dev_ws/src/dc_test/build/dc_test' returned '0': CMAKE_PREFIX_PATH=${CMAKE_PREFIX_PATH}:/opt/ros/humble /usr/bin/cmake --build /home/mechatech/dev_ws/src/dc_test/build/dc_test -- -j4 -l4
[44.241s] DEBUG:colcon.colcon_core.event_handler.log_command:Invoking command in '/home/mechatech/dev_ws/src/dc_test/build/dc_test': CMAKE_PREFIX_PATH=${CMAKE_PREFIX_PATH}:/opt/ros/humble /usr/bin/cmake --install /home/mechatech/dev_ws/src/dc_test/build/dc_test
[44.327s] Level 1:colcon.colcon_core.environment:create_environment_scripts_only(dc_test)
[44.329s] DEBUG:colcon.colcon_core.event_handler.log_command:Invoked command in '/home/mechatech/dev_ws/src/dc_test/build/dc_test' returned '0': CMAKE_PREFIX_PATH=${CMAKE_PREFIX_PATH}:/opt/ros/humble /usr/bin/cmake --install /home/mechatech/dev_ws/src/dc_test/build/dc_test
[44.340s] Level 1:colcon.colcon_core.environment:checking '/home/mechatech/dev_ws/src/dc_test/install/dc_test' for CMake module files
[44.343s] Level 1:colcon.colcon_core.environment:checking '/home/mechatech/dev_ws/src/dc_test/install/dc_test' for CMake config files
[44.346s] Level 1:colcon.colcon_core.shell:create_environment_hook('dc_test', 'cmake_prefix_path')
[44.347s] INFO:colcon.colcon_core.shell:Creating environment hook '/home/mechatech/dev_ws/src/dc_test/install/dc_test/share/dc_test/hook/cmake_prefix_path.ps1'
[44.350s] INFO:colcon.colcon_core.shell:Creating environment descriptor '/home/mechatech/dev_ws/src/dc_test/install/dc_test/share/dc_test/hook/cmake_prefix_path.dsv'
[44.352s] INFO:colcon.colcon_core.shell:Creating environment hook '/home/mechatech/dev_ws/src/dc_test/install/dc_test/share/dc_test/hook/cmake_prefix_path.sh'
[44.356s] Level 1:colcon.colcon_core.environment:checking '/home/mechatech/dev_ws/src/dc_test/install/dc_test/lib'
[44.357s] Level 1:colcon.colcon_core.environment:checking '/home/mechatech/dev_ws/src/dc_test/install/dc_test/bin'
[44.357s] Level 1:colcon.colcon_core.environment:checking '/home/mechatech/dev_ws/src/dc_test/install/dc_test/lib/pkgconfig/dc_test.pc'
[44.358s] Level 1:colcon.colcon_core.environment:checking '/home/mechatech/dev_ws/src/dc_test/install/dc_test/lib/python3.10/site-packages'
[44.359s] Level 1:colcon.colcon_core.environment:checking '/home/mechatech/dev_ws/src/dc_test/install/dc_test/bin'
[44.360s] INFO:colcon.colcon_core.shell:Creating package script '/home/mechatech/dev_ws/src/dc_test/install/dc_test/share/dc_test/package.ps1'
[44.364s] INFO:colcon.colcon_core.shell:Creating package descriptor '/home/mechatech/dev_ws/src/dc_test/install/dc_test/share/dc_test/package.dsv'
[44.366s] INFO:colcon.colcon_core.shell:Creating package script '/home/mechatech/dev_ws/src/dc_test/install/dc_test/share/dc_test/package.sh'
[44.370s] INFO:colcon.colcon_core.shell:Creating package script '/home/mechatech/dev_ws/src/dc_test/install/dc_test/share/dc_test/package.bash'
[44.373s] INFO:colcon.colcon_core.shell:Creating package script '/home/mechatech/dev_ws/src/dc_test/install/dc_test/share/dc_test/package.zsh'
[44.376s] Level 1:colcon.colcon_core.environment:create_file_with_runtime_dependencies(/home/mechatech/dev_ws/src/dc_test/install/dc_test/share/colcon-core/packages/dc_test)
[44.379s] Level 1:colcon.colcon_core.environment:create_environment_scripts_only(dc_test)
[44.380s] Level 1:colcon.colcon_core.environment:checking '/home/mechatech/dev_ws/src/dc_test/install/dc_test' for CMake module files
[44.383s] Level 1:colcon.colcon_core.environment:checking '/home/mechatech/dev_ws/src/dc_test/install/dc_test' for CMake config files
[44.385s] Level 1:colcon.colcon_core.shell:create_environment_hook('dc_test', 'cmake_prefix_path')
[44.386s] INFO:colcon.colcon_core.shell:Creating environment hook '/home/mechatech/dev_ws/src/dc_test/install/dc_test/share/dc_test/hook/cmake_prefix_path.ps1'
[44.388s] INFO:colcon.colcon_core.shell:Creating environment descriptor '/home/mechatech/dev_ws/src/dc_test/install/dc_test/share/dc_test/hook/cmake_prefix_path.dsv'
[44.390s] INFO:colcon.colcon_core.shell:Creating environment hook '/home/mechatech/dev_ws/src/dc_test/install/dc_test/share/dc_test/hook/cmake_prefix_path.sh'
[44.393s] Level 1:colcon.colcon_core.environment:checking '/home/mechatech/dev_ws/src/dc_test/install/dc_test/lib'
[44.393s] Level 1:colcon.colcon_core.environment:checking '/home/mechatech/dev_ws/src/dc_test/install/dc_test/bin'
[44.394s] Level 1:colcon.colcon_core.environment:checking '/home/mechatech/dev_ws/src/dc_test/install/dc_test/lib/pkgconfig/dc_test.pc'
[44.395s] Level 1:colcon.colcon_core.environment:checking '/home/mechatech/dev_ws/src/dc_test/install/dc_test/lib/python3.10/site-packages'
[44.396s] Level 1:colcon.colcon_core.environment:checking '/home/mechatech/dev_ws/src/dc_test/install/dc_test/bin'
[44.397s] INFO:colcon.colcon_core.shell:Creating package script '/home/mechatech/dev_ws/src/dc_test/install/dc_test/share/dc_test/package.ps1'
[44.400s] INFO:colcon.colcon_core.shell:Creating package descriptor '/home/mechatech/dev_ws/src/dc_test/install/dc_test/share/dc_test/package.dsv'
[44.402s] INFO:colcon.colcon_core.shell:Creating package script '/home/mechatech/dev_ws/src/dc_test/install/dc_test/share/dc_test/package.sh'
[44.405s] INFO:colcon.colcon_core.shell:Creating package script '/home/mechatech/dev_ws/src/dc_test/install/dc_test/share/dc_test/package.bash'
[44.407s] INFO:colcon.colcon_core.shell:Creating package script '/home/mechatech/dev_ws/src/dc_test/install/dc_test/share/dc_test/package.zsh'
[44.410s] Level 1:colcon.colcon_core.environment:create_file_with_runtime_dependencies(/home/mechatech/dev_ws/src/dc_test/install/dc_test/share/colcon-core/packages/dc_test)
[44.411s] DEBUG:colcon.colcon_parallel_executor.executor.parallel:closing loop
[44.412s] DEBUG:colcon.colcon_parallel_executor.executor.parallel:loop closed
[44.413s] DEBUG:colcon.colcon_parallel_executor.executor.parallel:run_until_complete finished with '0'
[44.413s] DEBUG:colcon.colcon_core.event_reactor:joining thread
[44.436s] INFO:colcon.colcon_core.plugin_system:Skipping extension 'colcon_notification.desktop_notification.terminal_notifier': Not used on non-Darwin systems
[44.436s] INFO:colcon.colcon_core.plugin_system:Skipping extension 'colcon_notification.desktop_notification.win32': Not used on non-Windows systems
[44.436s] INFO:colcon.colcon_notification.desktop_notification:Sending desktop notification using 'notify2'
[44.442s] DEBUG:colcon.colcon_notification.desktop_notification.notify2:Failed to initialize notify2: org.freedesktop.DBus.Error.ServiceUnknown: The name org.freedesktop.Notifications was not provided by any .service files
[44.442s] DEBUG:colcon.colcon_core.event_reactor:joined thread
[44.443s] INFO:colcon.colcon_core.shell:Creating prefix script '/home/mechatech/dev_ws/src/dc_test/install/local_setup.ps1'
[44.447s] INFO:colcon.colcon_core.shell:Creating prefix util module '/home/mechatech/dev_ws/src/dc_test/install/_local_setup_util_ps1.py'
[44.454s] INFO:colcon.colcon_core.shell:Creating prefix chain script '/home/mechatech/dev_ws/src/dc_test/install/setup.ps1'
[44.460s] INFO:colcon.colcon_core.shell:Creating prefix script '/home/mechatech/dev_ws/src/dc_test/install/local_setup.sh'
[44.463s] INFO:colcon.colcon_core.shell:Creating prefix util module '/home/mechatech/dev_ws/src/dc_test/install/_local_setup_util_sh.py'
[44.466s] INFO:colcon.colcon_core.shell:Creating prefix chain script '/home/mechatech/dev_ws/src/dc_test/install/setup.sh'
[44.473s] INFO:colcon.colcon_core.shell:Creating prefix script '/home/mechatech/dev_ws/src/dc_test/install/local_setup.bash'
[44.477s] INFO:colcon.colcon_core.shell:Creating prefix chain script '/home/mechatech/dev_ws/src/dc_test/install/setup.bash'
[44.483s] INFO:colcon.colcon_core.shell:Creating prefix script '/home/mechatech/dev_ws/src/dc_test/install/local_setup.zsh'
[44.485s] INFO:colcon.colcon_core.shell:Creating prefix chain script '/home/mechatech/dev_ws/src/dc_test/install/setup.zsh'
