[2.128s] DEBUG:colcon:Command line arguments: ['/usr/bin/colcon', 'build']
[2.128s] DEBUG:colcon:Parsed command line arguments: Namespace(log_base=None, log_level=None, verb_name='build', build_base='build', install_base='install', merge_install=False, symlink_install=False, test_result_base=None, continue_on_error=False, executor='parallel', parallel_workers=4, event_handlers=None, ignore_user_meta=False, metas=['./colcon.meta'], base_paths=['.'], packages_ignore=None, packages_ignore_regex=None, paths=None, packages_up_to=None, packages_up_to_regex=None, packages_above=None, packages_above_and_dependencies=None, packages_above_depth=None, packages_select_by_dep=None, packages_skip_by_dep=None, packages_skip_up_to=None, packages_select_build_failed=False, packages_skip_build_finished=False, packages_select_test_failures=False, packages_skip_test_passed=False, packages_select=None, packages_skip=None, packages_select_regex=None, packages_skip_regex=None, packages_start=None, packages_end=None, allow_overriding=[], cmake_args=None, cmake_target=None, cmake_target_skip_unavailable=False, cmake_clean_cache=False, cmake_clean_first=False, cmake_force_configure=False, ament_cmake_args=None, catkin_cmake_args=None, catkin_skip_building_tests=False, mixin_files=None, mixin=None, verb_parser=<colcon_mixin.mixin.mixin_argument.MixinArgumentDecorator object at 0xffffb60422f0>, verb_extension=<colcon_core.verb.build.BuildVerb object at 0xffffb6041de0>, main=<bound method BuildVerb.main of <colcon_core.verb.build.BuildVerb object at 0xffffb6041de0>>, mixin_verb=('build',))
[4.097s] Level 1:colcon.colcon_core.package_discovery:discover_packages(colcon_meta) check parameters
[4.098s] Level 1:colcon.colcon_core.package_discovery:discover_packages(recursive) check parameters
[4.098s] Level 1:colcon.colcon_core.package_discovery:discover_packages(ignore) check parameters
[4.098s] Level 1:colcon.colcon_core.package_discovery:discover_packages(path) check parameters
[4.098s] Level 1:colcon.colcon_core.package_discovery:discover_packages(colcon_meta) discover
[4.099s] Level 1:colcon.colcon_core.package_discovery:discover_packages(recursive) discover
[4.099s] INFO:colcon.colcon_core.package_discovery:Crawling recursively for packages in '/home/mechatech/dev_ws/src/dc_test'
[4.099s] Level 1:colcon.colcon_core.package_identification:_identify(.) by extensions ['ignore', 'ignore_ament_install']
[4.100s] Level 1:colcon.colcon_core.package_identification:_identify(.) by extension 'ignore'
[4.100s] Level 1:colcon.colcon_core.package_identification:_identify(.) by extension 'ignore_ament_install'
[4.100s] Level 1:colcon.colcon_core.package_identification:_identify(.) by extensions ['colcon_pkg']
[4.101s] Level 1:colcon.colcon_core.package_identification:_identify(.) by extension 'colcon_pkg'
[4.101s] Level 1:colcon.colcon_core.package_identification:_identify(.) by extensions ['colcon_meta']
[4.101s] Level 1:colcon.colcon_core.package_identification:_identify(.) by extension 'colcon_meta'
[4.101s] Level 1:colcon.colcon_core.package_identification:_identify(.) by extensions ['ros']
[4.101s] Level 1:colcon.colcon_core.package_identification:_identify(.) by extension 'ros'
[4.231s] DEBUG:colcon.colcon_core.package_identification:Package '.' with type 'ros.ament_cmake' and name 'dc_test'
[4.232s] Level 1:colcon.colcon_core.package_discovery:discover_packages(recursive) using defaults
[4.232s] Level 1:colcon.colcon_core.package_discovery:discover_packages(ignore) discover
[4.233s] Level 1:colcon.colcon_core.package_discovery:discover_packages(ignore) using defaults
[4.233s] Level 1:colcon.colcon_core.package_discovery:discover_packages(path) discover
[4.233s] Level 1:colcon.colcon_core.package_discovery:discover_packages(path) using defaults
[4.497s] Level 1:colcon.colcon_core.package_discovery:discover_packages(prefix_path) check parameters
[4.497s] Level 1:colcon.colcon_core.package_discovery:discover_packages(prefix_path) discover
[4.517s] DEBUG:colcon.colcon_installed_package_information.package_discovery:Found 2 installed packages in /home/mechatech/dev_ws/install
[4.529s] DEBUG:colcon.colcon_installed_package_information.package_discovery:Found 318 installed packages in /opt/ros/humble
[4.536s] Level 1:colcon.colcon_core.package_discovery:discover_packages(prefix_path) using defaults
[4.772s] Level 5:colcon.colcon_core.verb:set package 'dc_test' build argument 'cmake_args' from command line to 'None'
[4.773s] Level 5:colcon.colcon_core.verb:set package 'dc_test' build argument 'cmake_target' from command line to 'None'
[4.773s] Level 5:colcon.colcon_core.verb:set package 'dc_test' build argument 'cmake_target_skip_unavailable' from command line to 'False'
[4.773s] Level 5:colcon.colcon_core.verb:set package 'dc_test' build argument 'cmake_clean_cache' from command line to 'False'
[4.773s] Level 5:colcon.colcon_core.verb:set package 'dc_test' build argument 'cmake_clean_first' from command line to 'False'
[4.773s] Level 5:colcon.colcon_core.verb:set package 'dc_test' build argument 'cmake_force_configure' from command line to 'False'
[4.773s] Level 5:colcon.colcon_core.verb:set package 'dc_test' build argument 'ament_cmake_args' from command line to 'None'
[4.773s] Level 5:colcon.colcon_core.verb:set package 'dc_test' build argument 'catkin_cmake_args' from command line to 'None'
[4.773s] Level 5:colcon.colcon_core.verb:set package 'dc_test' build argument 'catkin_skip_building_tests' from command line to 'False'
[4.774s] DEBUG:colcon.colcon_core.verb:Building package 'dc_test' with the following arguments: {'ament_cmake_args': None, 'build_base': '/home/mechatech/dev_ws/src/dc_test/build/dc_test', 'catkin_cmake_args': None, 'catkin_skip_building_tests': False, 'cmake_args': None, 'cmake_clean_cache': False, 'cmake_clean_first': False, 'cmake_force_configure': False, 'cmake_target': None, 'cmake_target_skip_unavailable': False, 'install_base': '/home/mechatech/dev_ws/src/dc_test/install/dc_test', 'merge_install': False, 'path': '/home/mechatech/dev_ws/src/dc_test', 'symlink_install': False, 'test_result_base': None}
[4.774s] INFO:colcon.colcon_core.executor:Executing jobs using 'parallel' executor
[4.778s] DEBUG:colcon.colcon_parallel_executor.executor.parallel:run_until_complete
[4.779s] INFO:colcon.colcon_ros.task.ament_cmake.build:Building ROS package in '/home/mechatech/dev_ws/src/dc_test' with build type 'ament_cmake'
[4.779s] INFO:colcon.colcon_cmake.task.cmake.build:Building CMake package in '/home/mechatech/dev_ws/src/dc_test'
[4.806s] INFO:colcon.colcon_core.plugin_system:Skipping extension 'colcon_core.shell.bat': Not used on non-Windows systems
[4.808s] INFO:colcon.colcon_core.shell:Skip shell extension 'powershell' for command environment: Not usable outside of PowerShell
[4.808s] DEBUG:colcon.colcon_core.shell:Skip shell extension 'dsv' for command environment
[4.866s] DEBUG:colcon.colcon_core.event_handler.log_command:Invoking command in '/home/mechatech/dev_ws/src/dc_test/build/dc_test': CMAKE_PREFIX_PATH=${CMAKE_PREFIX_PATH}:/opt/ros/humble /usr/bin/cmake --build /home/mechatech/dev_ws/src/dc_test/build/dc_test -- -j4 -l4
[53.686s] DEBUG:colcon.colcon_core.event_handler.log_command:Invoked command in '/home/mechatech/dev_ws/src/dc_test/build/dc_test' returned '0': CMAKE_PREFIX_PATH=${CMAKE_PREFIX_PATH}:/opt/ros/humble /usr/bin/cmake --build /home/mechatech/dev_ws/src/dc_test/build/dc_test -- -j4 -l4
[53.731s] DEBUG:colcon.colcon_core.event_handler.log_command:Invoking command in '/home/mechatech/dev_ws/src/dc_test/build/dc_test': CMAKE_PREFIX_PATH=${CMAKE_PREFIX_PATH}:/opt/ros/humble /usr/bin/cmake --install /home/mechatech/dev_ws/src/dc_test/build/dc_test
[53.846s] Level 1:colcon.colcon_core.environment:create_environment_scripts_only(dc_test)
[53.848s] DEBUG:colcon.colcon_core.event_handler.log_command:Invoked command in '/home/mechatech/dev_ws/src/dc_test/build/dc_test' returned '0': CMAKE_PREFIX_PATH=${CMAKE_PREFIX_PATH}:/opt/ros/humble /usr/bin/cmake --install /home/mechatech/dev_ws/src/dc_test/build/dc_test
[53.884s] Level 1:colcon.colcon_core.environment:checking '/home/mechatech/dev_ws/src/dc_test/install/dc_test' for CMake module files
[53.888s] Level 1:colcon.colcon_core.environment:checking '/home/mechatech/dev_ws/src/dc_test/install/dc_test' for CMake config files
[53.891s] Level 1:colcon.colcon_core.shell:create_environment_hook('dc_test', 'cmake_prefix_path')
[53.892s] INFO:colcon.colcon_core.shell:Creating environment hook '/home/mechatech/dev_ws/src/dc_test/install/dc_test/share/dc_test/hook/cmake_prefix_path.ps1'
[53.897s] INFO:colcon.colcon_core.shell:Creating environment descriptor '/home/mechatech/dev_ws/src/dc_test/install/dc_test/share/dc_test/hook/cmake_prefix_path.dsv'
[53.901s] INFO:colcon.colcon_core.shell:Creating environment hook '/home/mechatech/dev_ws/src/dc_test/install/dc_test/share/dc_test/hook/cmake_prefix_path.sh'
[53.907s] Level 1:colcon.colcon_core.environment:checking '/home/mechatech/dev_ws/src/dc_test/install/dc_test/lib'
[53.908s] Level 1:colcon.colcon_core.environment:checking '/home/mechatech/dev_ws/src/dc_test/install/dc_test/bin'
[53.908s] Level 1:colcon.colcon_core.environment:checking '/home/mechatech/dev_ws/src/dc_test/install/dc_test/lib/pkgconfig/dc_test.pc'
[53.909s] Level 1:colcon.colcon_core.environment:checking '/home/mechatech/dev_ws/src/dc_test/install/dc_test/lib/python3.10/site-packages'
[53.911s] Level 1:colcon.colcon_core.environment:checking '/home/mechatech/dev_ws/src/dc_test/install/dc_test/bin'
[53.912s] INFO:colcon.colcon_core.shell:Creating package script '/home/mechatech/dev_ws/src/dc_test/install/dc_test/share/dc_test/package.ps1'
[53.917s] INFO:colcon.colcon_core.shell:Creating package descriptor '/home/mechatech/dev_ws/src/dc_test/install/dc_test/share/dc_test/package.dsv'
[53.922s] INFO:colcon.colcon_core.shell:Creating package script '/home/mechatech/dev_ws/src/dc_test/install/dc_test/share/dc_test/package.sh'
[53.926s] INFO:colcon.colcon_core.shell:Creating package script '/home/mechatech/dev_ws/src/dc_test/install/dc_test/share/dc_test/package.bash'
[53.932s] INFO:colcon.colcon_core.shell:Creating package script '/home/mechatech/dev_ws/src/dc_test/install/dc_test/share/dc_test/package.zsh'
[53.938s] Level 1:colcon.colcon_core.environment:create_file_with_runtime_dependencies(/home/mechatech/dev_ws/src/dc_test/install/dc_test/share/colcon-core/packages/dc_test)
[53.941s] Level 1:colcon.colcon_core.environment:create_environment_scripts_only(dc_test)
[53.942s] Level 1:colcon.colcon_core.environment:checking '/home/mechatech/dev_ws/src/dc_test/install/dc_test' for CMake module files
[53.946s] Level 1:colcon.colcon_core.environment:checking '/home/mechatech/dev_ws/src/dc_test/install/dc_test' for CMake config files
[53.948s] Level 1:colcon.colcon_core.shell:create_environment_hook('dc_test', 'cmake_prefix_path')
[53.950s] INFO:colcon.colcon_core.shell:Creating environment hook '/home/mechatech/dev_ws/src/dc_test/install/dc_test/share/dc_test/hook/cmake_prefix_path.ps1'
[53.952s] INFO:colcon.colcon_core.shell:Creating environment descriptor '/home/mechatech/dev_ws/src/dc_test/install/dc_test/share/dc_test/hook/cmake_prefix_path.dsv'
[53.954s] INFO:colcon.colcon_core.shell:Creating environment hook '/home/mechatech/dev_ws/src/dc_test/install/dc_test/share/dc_test/hook/cmake_prefix_path.sh'
[53.957s] Level 1:colcon.colcon_core.environment:checking '/home/mechatech/dev_ws/src/dc_test/install/dc_test/lib'
[53.957s] Level 1:colcon.colcon_core.environment:checking '/home/mechatech/dev_ws/src/dc_test/install/dc_test/bin'
[53.957s] Level 1:colcon.colcon_core.environment:checking '/home/mechatech/dev_ws/src/dc_test/install/dc_test/lib/pkgconfig/dc_test.pc'
[53.958s] Level 1:colcon.colcon_core.environment:checking '/home/mechatech/dev_ws/src/dc_test/install/dc_test/lib/python3.10/site-packages'
[53.959s] Level 1:colcon.colcon_core.environment:checking '/home/mechatech/dev_ws/src/dc_test/install/dc_test/bin'
[53.961s] INFO:colcon.colcon_core.shell:Creating package script '/home/mechatech/dev_ws/src/dc_test/install/dc_test/share/dc_test/package.ps1'
[53.964s] INFO:colcon.colcon_core.shell:Creating package descriptor '/home/mechatech/dev_ws/src/dc_test/install/dc_test/share/dc_test/package.dsv'
[53.966s] INFO:colcon.colcon_core.shell:Creating package script '/home/mechatech/dev_ws/src/dc_test/install/dc_test/share/dc_test/package.sh'
[53.968s] INFO:colcon.colcon_core.shell:Creating package script '/home/mechatech/dev_ws/src/dc_test/install/dc_test/share/dc_test/package.bash'
[53.971s] INFO:colcon.colcon_core.shell:Creating package script '/home/mechatech/dev_ws/src/dc_test/install/dc_test/share/dc_test/package.zsh'
[53.974s] Level 1:colcon.colcon_core.environment:create_file_with_runtime_dependencies(/home/mechatech/dev_ws/src/dc_test/install/dc_test/share/colcon-core/packages/dc_test)
[53.975s] DEBUG:colcon.colcon_parallel_executor.executor.parallel:closing loop
[53.976s] DEBUG:colcon.colcon_parallel_executor.executor.parallel:loop closed
[53.978s] DEBUG:colcon.colcon_parallel_executor.executor.parallel:run_until_complete finished with '0'
[53.978s] DEBUG:colcon.colcon_core.event_reactor:joining thread
[54.008s] INFO:colcon.colcon_core.plugin_system:Skipping extension 'colcon_notification.desktop_notification.terminal_notifier': Not used on non-Darwin systems
[54.009s] INFO:colcon.colcon_core.plugin_system:Skipping extension 'colcon_notification.desktop_notification.win32': Not used on non-Windows systems
[54.009s] INFO:colcon.colcon_notification.desktop_notification:Sending desktop notification using 'notify2'
[54.014s] DEBUG:colcon.colcon_notification.desktop_notification.notify2:Failed to initialize notify2: org.freedesktop.DBus.Error.ServiceUnknown: The name org.freedesktop.Notifications was not provided by any .service files
[54.015s] DEBUG:colcon.colcon_core.event_reactor:joined thread
[54.016s] INFO:colcon.colcon_core.shell:Creating prefix script '/home/mechatech/dev_ws/src/dc_test/install/local_setup.ps1'
[54.021s] INFO:colcon.colcon_core.shell:Creating prefix util module '/home/mechatech/dev_ws/src/dc_test/install/_local_setup_util_ps1.py'
[54.030s] INFO:colcon.colcon_core.shell:Creating prefix chain script '/home/mechatech/dev_ws/src/dc_test/install/setup.ps1'
[54.038s] INFO:colcon.colcon_core.shell:Creating prefix script '/home/mechatech/dev_ws/src/dc_test/install/local_setup.sh'
[54.044s] INFO:colcon.colcon_core.shell:Creating prefix util module '/home/mechatech/dev_ws/src/dc_test/install/_local_setup_util_sh.py'
[54.048s] INFO:colcon.colcon_core.shell:Creating prefix chain script '/home/mechatech/dev_ws/src/dc_test/install/setup.sh'
[54.055s] INFO:colcon.colcon_core.shell:Creating prefix script '/home/mechatech/dev_ws/src/dc_test/install/local_setup.bash'
[54.061s] INFO:colcon.colcon_core.shell:Creating prefix chain script '/home/mechatech/dev_ws/src/dc_test/install/setup.bash'
[54.068s] INFO:colcon.colcon_core.shell:Creating prefix script '/home/mechatech/dev_ws/src/dc_test/install/local_setup.zsh'
[54.078s] INFO:colcon.colcon_core.shell:Creating prefix chain script '/home/mechatech/dev_ws/src/dc_test/install/setup.zsh'
