[0.459s] DEBUG:colcon:Command line arguments: ['/usr/bin/colcon', 'build', '--symlink-install']
[0.459s] DEBUG:colcon:Parsed command line arguments: Namespace(log_base=None, log_level=None, verb_name='build', build_base='build', install_base='install', merge_install=False, symlink_install=True, test_result_base=None, continue_on_error=False, executor='parallel', parallel_workers=4, event_handlers=None, ignore_user_meta=False, metas=['./colcon.meta'], base_paths=['.'], packages_ignore=None, packages_ignore_regex=None, paths=None, packages_up_to=None, packages_up_to_regex=None, packages_above=None, packages_above_and_dependencies=None, packages_above_depth=None, packages_select_by_dep=None, packages_skip_by_dep=None, packages_skip_up_to=None, packages_select_build_failed=False, packages_skip_build_finished=False, packages_select_test_failures=False, packages_skip_test_passed=False, packages_select=None, packages_skip=None, packages_select_regex=None, packages_skip_regex=None, packages_start=None, packages_end=None, allow_overriding=[], cmake_args=None, cmake_target=None, cmake_target_skip_unavailable=False, cmake_clean_cache=False, cmake_clean_first=False, cmake_force_configure=False, ament_cmake_args=None, catkin_cmake_args=None, catkin_skip_building_tests=False, mixin_files=None, mixin=None, verb_parser=<colcon_mixin.mixin.mixin_argument.MixinArgumentDecorator object at 0xffff9fbc22f0>, verb_extension=<colcon_core.verb.build.BuildVerb object at 0xffff9fbc1de0>, main=<bound method BuildVerb.main of <colcon_core.verb.build.BuildVerb object at 0xffff9fbc1de0>>, mixin_verb=('build',))
[1.386s] Level 1:colcon.colcon_core.package_discovery:discover_packages(colcon_meta) check parameters
[1.387s] Level 1:colcon.colcon_core.package_discovery:discover_packages(recursive) check parameters
[1.387s] Level 1:colcon.colcon_core.package_discovery:discover_packages(ignore) check parameters
[1.387s] Level 1:colcon.colcon_core.package_discovery:discover_packages(path) check parameters
[1.387s] Level 1:colcon.colcon_core.package_discovery:discover_packages(colcon_meta) discover
[1.387s] Level 1:colcon.colcon_core.package_discovery:discover_packages(recursive) discover
[1.387s] INFO:colcon.colcon_core.package_discovery:Crawling recursively for packages in '/home/mechatech/dev_ws/src/dc_test'
[1.388s] Level 1:colcon.colcon_core.package_identification:_identify(.) by extensions ['ignore', 'ignore_ament_install']
[1.388s] Level 1:colcon.colcon_core.package_identification:_identify(.) by extension 'ignore'
[1.388s] Level 1:colcon.colcon_core.package_identification:_identify(.) by extension 'ignore_ament_install'
[1.389s] Level 1:colcon.colcon_core.package_identification:_identify(.) by extensions ['colcon_pkg']
[1.389s] Level 1:colcon.colcon_core.package_identification:_identify(.) by extension 'colcon_pkg'
[1.389s] Level 1:colcon.colcon_core.package_identification:_identify(.) by extensions ['colcon_meta']
[1.389s] Level 1:colcon.colcon_core.package_identification:_identify(.) by extension 'colcon_meta'
[1.389s] Level 1:colcon.colcon_core.package_identification:_identify(.) by extensions ['ros']
[1.389s] Level 1:colcon.colcon_core.package_identification:_identify(.) by extension 'ros'
[1.440s] DEBUG:colcon.colcon_core.package_identification:Package '.' with type 'ros.ament_cmake' and name 'dc_test'
[1.441s] Level 1:colcon.colcon_core.package_discovery:discover_packages(recursive) using defaults
[1.441s] Level 1:colcon.colcon_core.package_discovery:discover_packages(ignore) discover
[1.441s] Level 1:colcon.colcon_core.package_discovery:discover_packages(ignore) using defaults
[1.441s] Level 1:colcon.colcon_core.package_discovery:discover_packages(path) discover
[1.441s] Level 1:colcon.colcon_core.package_discovery:discover_packages(path) using defaults
[1.555s] Level 1:colcon.colcon_core.package_discovery:discover_packages(prefix_path) check parameters
[1.555s] Level 1:colcon.colcon_core.package_discovery:discover_packages(prefix_path) discover
[1.564s] DEBUG:colcon.colcon_installed_package_information.package_discovery:Found 2 installed packages in /home/mechatech/dev_ws/install
[1.574s] DEBUG:colcon.colcon_installed_package_information.package_discovery:Found 318 installed packages in /opt/ros/humble
[1.581s] Level 1:colcon.colcon_core.package_discovery:discover_packages(prefix_path) using defaults
[1.767s] Level 5:colcon.colcon_core.verb:set package 'dc_test' build argument 'cmake_args' from command line to 'None'
[1.767s] Level 5:colcon.colcon_core.verb:set package 'dc_test' build argument 'cmake_target' from command line to 'None'
[1.767s] Level 5:colcon.colcon_core.verb:set package 'dc_test' build argument 'cmake_target_skip_unavailable' from command line to 'False'
[1.767s] Level 5:colcon.colcon_core.verb:set package 'dc_test' build argument 'cmake_clean_cache' from command line to 'False'
[1.767s] Level 5:colcon.colcon_core.verb:set package 'dc_test' build argument 'cmake_clean_first' from command line to 'False'
[1.767s] Level 5:colcon.colcon_core.verb:set package 'dc_test' build argument 'cmake_force_configure' from command line to 'False'
[1.767s] Level 5:colcon.colcon_core.verb:set package 'dc_test' build argument 'ament_cmake_args' from command line to 'None'
[1.768s] Level 5:colcon.colcon_core.verb:set package 'dc_test' build argument 'catkin_cmake_args' from command line to 'None'
[1.768s] Level 5:colcon.colcon_core.verb:set package 'dc_test' build argument 'catkin_skip_building_tests' from command line to 'False'
[1.768s] DEBUG:colcon.colcon_core.verb:Building package 'dc_test' with the following arguments: {'ament_cmake_args': None, 'build_base': '/home/mechatech/dev_ws/src/dc_test/build/dc_test', 'catkin_cmake_args': None, 'catkin_skip_building_tests': False, 'cmake_args': None, 'cmake_clean_cache': False, 'cmake_clean_first': False, 'cmake_force_configure': False, 'cmake_target': None, 'cmake_target_skip_unavailable': False, 'install_base': '/home/mechatech/dev_ws/src/dc_test/install/dc_test', 'merge_install': False, 'path': '/home/mechatech/dev_ws/src/dc_test', 'symlink_install': True, 'test_result_base': None}
[1.768s] INFO:colcon.colcon_core.executor:Executing jobs using 'parallel' executor
[1.771s] DEBUG:colcon.colcon_parallel_executor.executor.parallel:run_until_complete
[1.772s] INFO:colcon.colcon_ros.task.ament_cmake.build:Building ROS package in '/home/mechatech/dev_ws/src/dc_test' with build type 'ament_cmake'
[1.773s] INFO:colcon.colcon_cmake.task.cmake.build:Building CMake package in '/home/mechatech/dev_ws/src/dc_test'
[1.782s] INFO:colcon.colcon_core.plugin_system:Skipping extension 'colcon_core.shell.bat': Not used on non-Windows systems
[1.783s] INFO:colcon.colcon_core.shell:Skip shell extension 'powershell' for command environment: Not usable outside of PowerShell
[1.783s] DEBUG:colcon.colcon_core.shell:Skip shell extension 'dsv' for command environment
[1.829s] DEBUG:colcon.colcon_core.event_handler.log_command:Invoking command in '/home/mechatech/dev_ws/src/dc_test/build/dc_test': CMAKE_PREFIX_PATH=${CMAKE_PREFIX_PATH}:/opt/ros/humble /usr/bin/cmake /home/mechatech/dev_ws/src/dc_test -DAMENT_CMAKE_SYMLINK_INSTALL=1 -DCMAKE_INSTALL_PREFIX=/home/mechatech/dev_ws/src/dc_test/install/dc_test
[10.662s] DEBUG:colcon.colcon_core.event_handler.log_command:Invoked command in '/home/mechatech/dev_ws/src/dc_test/build/dc_test' returned '0': CMAKE_PREFIX_PATH=${CMAKE_PREFIX_PATH}:/opt/ros/humble /usr/bin/cmake /home/mechatech/dev_ws/src/dc_test -DAMENT_CMAKE_SYMLINK_INSTALL=1 -DCMAKE_INSTALL_PREFIX=/home/mechatech/dev_ws/src/dc_test/install/dc_test
[10.673s] DEBUG:colcon.colcon_core.event_handler.log_command:Invoking command in '/home/mechatech/dev_ws/src/dc_test/build/dc_test': CMAKE_PREFIX_PATH=${CMAKE_PREFIX_PATH}:/opt/ros/humble /usr/bin/cmake --build /home/mechatech/dev_ws/src/dc_test/build/dc_test -- -j4 -l4
[52.720s] DEBUG:colcon.colcon_core.event_handler.log_command:Invoked command in '/home/mechatech/dev_ws/src/dc_test/build/dc_test' returned '0': CMAKE_PREFIX_PATH=${CMAKE_PREFIX_PATH}:/opt/ros/humble /usr/bin/cmake --build /home/mechatech/dev_ws/src/dc_test/build/dc_test -- -j4 -l4
[52.761s] DEBUG:colcon.colcon_core.event_handler.log_command:Invoking command in '/home/mechatech/dev_ws/src/dc_test/build/dc_test': CMAKE_PREFIX_PATH=${CMAKE_PREFIX_PATH}:/opt/ros/humble /usr/bin/cmake --install /home/mechatech/dev_ws/src/dc_test/build/dc_test
[53.342s] Level 1:colcon.colcon_core.environment:create_environment_scripts_only(dc_test)
[53.344s] DEBUG:colcon.colcon_core.event_handler.log_command:Invoked command in '/home/mechatech/dev_ws/src/dc_test/build/dc_test' returned '0': CMAKE_PREFIX_PATH=${CMAKE_PREFIX_PATH}:/opt/ros/humble /usr/bin/cmake --install /home/mechatech/dev_ws/src/dc_test/build/dc_test
[53.366s] Level 1:colcon.colcon_core.environment:checking '/home/mechatech/dev_ws/src/dc_test/install/dc_test' for CMake module files
[53.370s] Level 1:colcon.colcon_core.environment:checking '/home/mechatech/dev_ws/src/dc_test/install/dc_test' for CMake config files
[53.372s] Level 1:colcon.colcon_core.shell:create_environment_hook('dc_test', 'cmake_prefix_path')
[53.372s] INFO:colcon.colcon_core.shell:Creating environment hook '/home/mechatech/dev_ws/src/dc_test/install/dc_test/share/dc_test/hook/cmake_prefix_path.ps1'
[53.375s] INFO:colcon.colcon_core.shell:Creating environment descriptor '/home/mechatech/dev_ws/src/dc_test/install/dc_test/share/dc_test/hook/cmake_prefix_path.dsv'
[53.377s] INFO:colcon.colcon_core.shell:Creating environment hook '/home/mechatech/dev_ws/src/dc_test/install/dc_test/share/dc_test/hook/cmake_prefix_path.sh'
[53.381s] Level 1:colcon.colcon_core.environment:checking '/home/mechatech/dev_ws/src/dc_test/install/dc_test/lib'
[53.382s] Level 1:colcon.colcon_core.environment:checking '/home/mechatech/dev_ws/src/dc_test/install/dc_test/bin'
[53.382s] Level 1:colcon.colcon_core.environment:checking '/home/mechatech/dev_ws/src/dc_test/install/dc_test/lib/pkgconfig/dc_test.pc'
[53.383s] Level 1:colcon.colcon_core.environment:checking '/home/mechatech/dev_ws/src/dc_test/install/dc_test/lib/python3.10/site-packages'
[53.384s] Level 1:colcon.colcon_core.environment:checking '/home/mechatech/dev_ws/src/dc_test/install/dc_test/bin'
[53.386s] INFO:colcon.colcon_core.shell:Creating package script '/home/mechatech/dev_ws/src/dc_test/install/dc_test/share/dc_test/package.ps1'
[53.389s] INFO:colcon.colcon_core.shell:Creating package descriptor '/home/mechatech/dev_ws/src/dc_test/install/dc_test/share/dc_test/package.dsv'
[53.391s] INFO:colcon.colcon_core.shell:Creating package script '/home/mechatech/dev_ws/src/dc_test/install/dc_test/share/dc_test/package.sh'
[53.394s] INFO:colcon.colcon_core.shell:Creating package script '/home/mechatech/dev_ws/src/dc_test/install/dc_test/share/dc_test/package.bash'
[53.397s] INFO:colcon.colcon_core.shell:Creating package script '/home/mechatech/dev_ws/src/dc_test/install/dc_test/share/dc_test/package.zsh'
[53.399s] Level 1:colcon.colcon_core.environment:create_file_with_runtime_dependencies(/home/mechatech/dev_ws/src/dc_test/install/dc_test/share/colcon-core/packages/dc_test)
[53.402s] Level 1:colcon.colcon_core.environment:create_environment_scripts_only(dc_test)
[53.403s] Level 1:colcon.colcon_core.environment:checking '/home/mechatech/dev_ws/src/dc_test/install/dc_test' for CMake module files
[53.405s] Level 1:colcon.colcon_core.environment:checking '/home/mechatech/dev_ws/src/dc_test/install/dc_test' for CMake config files
[53.408s] Level 1:colcon.colcon_core.shell:create_environment_hook('dc_test', 'cmake_prefix_path')
[53.409s] INFO:colcon.colcon_core.shell:Creating environment hook '/home/mechatech/dev_ws/src/dc_test/install/dc_test/share/dc_test/hook/cmake_prefix_path.ps1'
[53.411s] INFO:colcon.colcon_core.shell:Creating environment descriptor '/home/mechatech/dev_ws/src/dc_test/install/dc_test/share/dc_test/hook/cmake_prefix_path.dsv'
[53.412s] INFO:colcon.colcon_core.shell:Creating environment hook '/home/mechatech/dev_ws/src/dc_test/install/dc_test/share/dc_test/hook/cmake_prefix_path.sh'
[53.415s] Level 1:colcon.colcon_core.environment:checking '/home/mechatech/dev_ws/src/dc_test/install/dc_test/lib'
[53.416s] Level 1:colcon.colcon_core.environment:checking '/home/mechatech/dev_ws/src/dc_test/install/dc_test/bin'
[53.416s] Level 1:colcon.colcon_core.environment:checking '/home/mechatech/dev_ws/src/dc_test/install/dc_test/lib/pkgconfig/dc_test.pc'
[53.417s] Level 1:colcon.colcon_core.environment:checking '/home/mechatech/dev_ws/src/dc_test/install/dc_test/lib/python3.10/site-packages'
[53.418s] Level 1:colcon.colcon_core.environment:checking '/home/mechatech/dev_ws/src/dc_test/install/dc_test/bin'
[53.419s] INFO:colcon.colcon_core.shell:Creating package script '/home/mechatech/dev_ws/src/dc_test/install/dc_test/share/dc_test/package.ps1'
[53.421s] INFO:colcon.colcon_core.shell:Creating package descriptor '/home/mechatech/dev_ws/src/dc_test/install/dc_test/share/dc_test/package.dsv'
[53.424s] INFO:colcon.colcon_core.shell:Creating package script '/home/mechatech/dev_ws/src/dc_test/install/dc_test/share/dc_test/package.sh'
[53.426s] INFO:colcon.colcon_core.shell:Creating package script '/home/mechatech/dev_ws/src/dc_test/install/dc_test/share/dc_test/package.bash'
[53.428s] INFO:colcon.colcon_core.shell:Creating package script '/home/mechatech/dev_ws/src/dc_test/install/dc_test/share/dc_test/package.zsh'
[53.430s] Level 1:colcon.colcon_core.environment:create_file_with_runtime_dependencies(/home/mechatech/dev_ws/src/dc_test/install/dc_test/share/colcon-core/packages/dc_test)
[53.431s] DEBUG:colcon.colcon_parallel_executor.executor.parallel:closing loop
[53.433s] DEBUG:colcon.colcon_parallel_executor.executor.parallel:loop closed
[53.433s] DEBUG:colcon.colcon_parallel_executor.executor.parallel:run_until_complete finished with '0'
[53.433s] DEBUG:colcon.colcon_core.event_reactor:joining thread
[53.454s] INFO:colcon.colcon_core.plugin_system:Skipping extension 'colcon_notification.desktop_notification.terminal_notifier': Not used on non-Darwin systems
[53.454s] INFO:colcon.colcon_core.plugin_system:Skipping extension 'colcon_notification.desktop_notification.win32': Not used on non-Windows systems
[53.455s] INFO:colcon.colcon_notification.desktop_notification:Sending desktop notification using 'notify2'
[53.459s] DEBUG:colcon.colcon_notification.desktop_notification.notify2:Failed to initialize notify2: org.freedesktop.DBus.Error.ServiceUnknown: The name org.freedesktop.Notifications was not provided by any .service files
[53.460s] DEBUG:colcon.colcon_core.event_reactor:joined thread
[53.461s] INFO:colcon.colcon_core.shell:Creating prefix script '/home/mechatech/dev_ws/src/dc_test/install/local_setup.ps1'
[53.464s] INFO:colcon.colcon_core.shell:Creating prefix util module '/home/mechatech/dev_ws/src/dc_test/install/_local_setup_util_ps1.py'
[53.473s] INFO:colcon.colcon_core.shell:Creating prefix chain script '/home/mechatech/dev_ws/src/dc_test/install/setup.ps1'
[53.479s] INFO:colcon.colcon_core.shell:Creating prefix script '/home/mechatech/dev_ws/src/dc_test/install/local_setup.sh'
[53.481s] INFO:colcon.colcon_core.shell:Creating prefix util module '/home/mechatech/dev_ws/src/dc_test/install/_local_setup_util_sh.py'
[53.484s] INFO:colcon.colcon_core.shell:Creating prefix chain script '/home/mechatech/dev_ws/src/dc_test/install/setup.sh'
[53.489s] INFO:colcon.colcon_core.shell:Creating prefix script '/home/mechatech/dev_ws/src/dc_test/install/local_setup.bash'
[53.491s] INFO:colcon.colcon_core.shell:Creating prefix chain script '/home/mechatech/dev_ws/src/dc_test/install/setup.bash'
[53.495s] INFO:colcon.colcon_core.shell:Creating prefix script '/home/mechatech/dev_ws/src/dc_test/install/local_setup.zsh'
[53.497s] INFO:colcon.colcon_core.shell:Creating prefix chain script '/home/mechatech/dev_ws/src/dc_test/install/setup.zsh'
